action: py37, msg: getenv
cwd: /home/appsec/Documents/WebApp/webroot
cmd: /home/appsec/Documents/WebApp/webroot/.tox/py37/bin/python -m pip install -rrequirements.txt
Collecting flask (from -r requirements.txt (line 1))
  Using cached https://files.pythonhosted.org/packages/9b/93/628509b8d5dc749656a9641f4caf13540e2cdec85276964ff8f43bbb1d3b/Flask-1.1.1-py2.py3-none-any.whl
Collecting flask_login (from -r requirements.txt (line 2))
Collecting flask_sqlalchemy (from -r requirements.txt (line 3))
  Using cached https://files.pythonhosted.org/packages/1e/65/226d95466c75e34e291a76890ed0e27af2e46ab913002847856f11d4d59d/Flask_SQLAlchemy-2.4.1-py2.py3-none-any.whl
Collecting flask_bcrypt (from -r requirements.txt (line 4))
Collecting wtforms (from -r requirements.txt (line 6))
  Using cached https://files.pythonhosted.org/packages/9f/c8/dac5dce9908df1d9d48ec0e26e2a250839fa36ea2c602cc4f85ccfeb5c65/WTForms-2.2.1-py2.py3-none-any.whl
Collecting flask_wtf (from -r requirements.txt (line 7))
  Using cached https://files.pythonhosted.org/packages/60/3a/58c629472d10539ae5167dc7c1fecfa95dd7d0b7864623931e3776438a24/Flask_WTF-0.14.2-py2.py3-none-any.whl
Collecting itsdangerous>=0.24 (from flask->-r requirements.txt (line 1))
  Using cached https://files.pythonhosted.org/packages/76/ae/44b03b253d6fade317f32c24d100b3b35c2239807046a4c953c7b89fa49e/itsdangerous-1.1.0-py2.py3-none-any.whl
Collecting Jinja2>=2.10.1 (from flask->-r requirements.txt (line 1))
  Using cached https://files.pythonhosted.org/packages/65/e0/eb35e762802015cab1ccee04e8a277b03f1d8e53da3ec3106882ec42558b/Jinja2-2.10.3-py2.py3-none-any.whl
Collecting click>=5.1 (from flask->-r requirements.txt (line 1))
  Using cached https://files.pythonhosted.org/packages/fa/37/45185cb5abbc30d7257104c434fe0b07e5a195a6847506c074527aa599ec/Click-7.0-py2.py3-none-any.whl
Collecting Werkzeug>=0.15 (from flask->-r requirements.txt (line 1))
  Using cached https://files.pythonhosted.org/packages/ce/42/3aeda98f96e85fd26180534d36570e4d18108d62ae36f87694b476b83d6f/Werkzeug-0.16.0-py2.py3-none-any.whl
Collecting SQLAlchemy>=0.8.0 (from flask_sqlalchemy->-r requirements.txt (line 3))
Collecting bcrypt (from flask_bcrypt->-r requirements.txt (line 4))
  Using cached https://files.pythonhosted.org/packages/8b/1d/82826443777dd4a624e38a08957b975e75df859b381ae302cfd7a30783ed/bcrypt-3.1.7-cp34-abi3-manylinux1_x86_64.whl
Collecting MarkupSafe>=0.23 (from Jinja2>=2.10.1->flask->-r requirements.txt (line 1))
  Using cached https://files.pythonhosted.org/packages/98/7b/ff284bd8c80654e471b769062a9b43cc5d03e7a615048d96f4619df8d420/MarkupSafe-1.1.1-cp37-cp37m-manylinux1_x86_64.whl
Collecting six>=1.4.1 (from bcrypt->flask_bcrypt->-r requirements.txt (line 4))
  Using cached https://files.pythonhosted.org/packages/73/fb/00a976f728d0d1fecfe898238ce23f502a721c0ac0ecfedb80e0d88c64e9/six-1.12.0-py2.py3-none-any.whl
Collecting cffi>=1.1 (from bcrypt->flask_bcrypt->-r requirements.txt (line 4))
  Using cached https://files.pythonhosted.org/packages/67/c7/b37e5f687e59499ea605ea3c0dccb0cc6b46bd96340a39fdad8e64b65bfb/cffi-1.13.1-cp37-cp37m-manylinux1_x86_64.whl
Collecting pycparser (from cffi>=1.1->bcrypt->flask_bcrypt->-r requirements.txt (line 4))
Installing collected packages: itsdangerous, MarkupSafe, Jinja2, click, Werkzeug, flask, flask-login, SQLAlchemy, flask-sqlalchemy, six, pycparser, cffi, bcrypt, flask-bcrypt, wtforms, flask-wtf
Successfully installed Jinja2-2.10.3 MarkupSafe-1.1.1 SQLAlchemy-1.3.10 Werkzeug-0.16.0 bcrypt-3.1.7 cffi-1.13.1 click-7.0 flask-1.1.1 flask-bcrypt-0.7.1 flask-login-0.4.1 flask-sqlalchemy-2.4.1 flask-wtf-0.14.2 itsdangerous-1.1.0 pycparser-2.19 six-1.12.0 wtforms-2.2.1
WARNING: You are using pip version 19.2.3, however version 19.3.1 is available.
You should consider upgrading via the 'pip install --upgrade pip' command.
